2019-12-15 10:13:06.8279|INFO|GR_WebApi.Authentication.ApiAuthenticationHandler|BasicAuthentication was not authenticated. Failure message: Missing Authorization Header
2019-12-15 10:29:46.0267|INFO|GR_WebApi.Authentication.ApiAuthenticationHandler|BasicAuthentication was not authenticated. Failure message: Missing Authorization Header
2019-12-15 10:47:11.4121|INFO|GR_WebApi.Authentication.ApiAuthenticationHandler|BasicAuthentication was not authenticated. Failure message: Missing Authorization Header
2019-12-15 10:47:31.3709|INFO|GR_WebApi.Authentication.ApiAuthenticationHandler|BasicAuthentication was not authenticated. Failure message: Missing Authorization Header
2019-12-15 10:47:31.4940|INFO|GR_WebApi.Authentication.ApiAuthenticationHandler|BasicAuthentication was not authenticated. Failure message: Missing Authorization Header
2019-12-15 10:49:23.9401|INFO|GR_WebApi.Authentication.ApiAuthenticationHandler|BasicAuthentication was not authenticated. Failure message: Missing Authorization Header
2019-12-15 10:49:23.9520|INFO|GR_WebApi.Authentication.ApiAuthenticationHandler|BasicAuthentication was not authenticated. Failure message: Missing Authorization Header
2019-12-15 11:33:06.2755|INFO|GR_WebApi.Authentication.ApiAuthenticationHandler|BasicAuthentication was not authenticated. Failure message: Missing Authorization Header
2019-12-15 11:33:28.8449|INFO|GR_WebApi.Authentication.ApiAuthenticationHandler|BasicAuthentication was not authenticated. Failure message: Missing Authorization Header
2019-12-15 18:49:31.4522|INFO|GR_WebApi.Authentication.ApiAuthenticationHandler|BasicAuthentication was not authenticated. Failure message: Missing Authorization Header
2019-12-15 18:53:24.2085|INFO|GR_WebApi.Authentication.ApiAuthenticationHandler|BasicAuthentication was not authenticated. Failure message: Missing Authorization Header
2019-12-15 18:58:18.3866|INFO|GR_WebApi.Authentication.ApiAuthenticationHandler|BasicAuthentication was not authenticated. Failure message: Missing Authorization Header
2019-12-15 18:59:09.4941|INFO|GR_WebApi.Authentication.ApiAuthenticationHandler|BasicAuthentication was not authenticated. Failure message: Missing Authorization Header
2019-12-15 19:25:53.2926|INFO|GR_WebApi.Authentication.ApiAuthenticationHandler|BasicAuthentication was not authenticated. Failure message: Missing Authorization Header
2019-12-15 19:42:11.6118|INFO|GR_WebApi.Authentication.ApiAuthenticationHandler|BasicAuthentication was not authenticated. Failure message: Missing Authorization Header
2019-12-15 19:43:01.5252|INFO|GR_WebApi.Authentication.ApiAuthenticationHandler|BasicAuthentication was not authenticated. Failure message: Missing Authorization Header
2019-12-15 20:00:34.1412|INFO|GR_WebApi.Authentication.ApiAuthenticationHandler|BasicAuthentication was not authenticated. Failure message: Missing Authorization Header
2019-12-15 20:00:56.3727|INFO|GR_WebApi.Authentication.ApiAuthenticationHandler|BasicAuthentication was not authenticated. Failure message: Missing Authorization Header
2019-12-15 20:01:18.5090|INFO|GR_WebApi.Authentication.ApiAuthenticationHandler|BasicAuthentication was not authenticated. Failure message: Missing Authorization Header
2019-12-15 20:01:18.6018|INFO|GR_WebApi.Authentication.ApiAuthenticationHandler|AuthenticationScheme: BasicAuthentication was challenged.
2019-12-15 20:06:52.5027|INFO|GR_WebApi.Authentication.ApiAuthenticationHandler|BasicAuthentication was not authenticated. Failure message: Missing Authorization Header
2019-12-15 20:07:08.3473|INFO|GR_WebApi.Authentication.ApiAuthenticationHandler|BasicAuthentication was not authenticated. Failure message: Missing Authorization Header
2019-12-15 20:07:08.4254|INFO|GR_WebApi.Authentication.ApiAuthenticationHandler|AuthenticationScheme: BasicAuthentication was challenged.
2019-12-15 20:10:17.2850|INFO|GR_WebApi.Authentication.ApiAuthenticationHandler|BasicAuthentication was not authenticated. Failure message: Missing Authorization Header
2019-12-15 20:14:11.2743|INFO|GR_WebApi.Authentication.ApiAuthenticationHandler|BasicAuthentication was not authenticated. Failure message: Invalid Username or Password
2019-12-15 20:14:11.3572|INFO|GR_WebApi.Authentication.ApiAuthenticationHandler|AuthenticationScheme: BasicAuthentication was challenged.
2019-12-15 20:16:37.9921|INFO|GR_WebApi.Authentication.ApiAuthenticationHandler|BasicAuthentication was not authenticated. Failure message: Missing Authorization Header
2019-12-15 20:16:41.3689|INFO|GR_WebApi.Authentication.ApiAuthenticationHandler|BasicAuthentication was not authenticated. Failure message: Invalid Username or Password
2019-12-15 20:16:41.4244|INFO|GR_WebApi.Authentication.ApiAuthenticationHandler|BasicAuthentication was not authenticated. Failure message: Invalid Username or Password
2019-12-15 20:16:41.4550|INFO|GR_WebApi.Authentication.ApiAuthenticationHandler|AuthenticationScheme: BasicAuthentication was challenged.
2019-12-15 20:17:57.1808|INFO|GR_WebApi.Authentication.ApiAuthenticationHandler|BasicAuthentication was not authenticated. Failure message: Invalid Username or Password
2019-12-15 20:17:57.2014|INFO|GR_WebApi.Authentication.ApiAuthenticationHandler|BasicAuthentication was not authenticated. Failure message: Invalid Username or Password
2019-12-15 20:17:57.2226|INFO|GR_WebApi.Authentication.ApiAuthenticationHandler|AuthenticationScheme: BasicAuthentication was challenged.
2019-12-15 20:18:01.9181|INFO|GR_WebApi.Authentication.ApiAuthenticationHandler|BasicAuthentication was not authenticated. Failure message: Invalid Username or Password
2019-12-15 20:18:01.9181|INFO|GR_WebApi.Authentication.ApiAuthenticationHandler|BasicAuthentication was not authenticated. Failure message: Invalid Username or Password
2019-12-15 20:18:01.9423|INFO|GR_WebApi.Authentication.ApiAuthenticationHandler|AuthenticationScheme: BasicAuthentication was challenged.
2019-12-15 20:19:10.7742|INFO|GR_WebApi.Authentication.ApiAuthenticationHandler|BasicAuthentication was not authenticated. Failure message: Missing Authorization Header
2019-12-15 20:19:10.8410|INFO|GR_WebApi.Authentication.ApiAuthenticationHandler|BasicAuthentication was not authenticated. Failure message: Missing Authorization Header
2019-12-15 20:19:10.8567|INFO|GR_WebApi.Authentication.ApiAuthenticationHandler|AuthenticationScheme: BasicAuthentication was challenged.
2019-12-15 20:20:02.4728|INFO|GR_WebApi.Authentication.ApiAuthenticationHandler|BasicAuthentication was not authenticated. Failure message: Missing Authorization Header
2019-12-15 20:24:36.9065|INFO|GR_WebApi.Authentication.ApiAuthenticationHandler|BasicAuthentication was not authenticated. Failure message: Missing Authorization Header
2019-12-15 20:24:44.2682|INFO|GR_WebApi.Authentication.ApiAuthenticationHandler|BasicAuthentication was not authenticated. Failure message: Invalid Username or Password
2019-12-15 20:24:44.3191|INFO|GR_WebApi.Authentication.ApiAuthenticationHandler|BasicAuthentication was not authenticated. Failure message: Invalid Username or Password
2019-12-15 20:24:44.3556|INFO|GR_WebApi.Authentication.ApiAuthenticationHandler|AuthenticationScheme: BasicAuthentication was challenged.
2019-12-15 21:26:33.1959|INFO|GR_WebApi.Authentication.ApiAuthenticationHandler|BasicAuthentication was not authenticated. Failure message: Missing Authorization Header
2019-12-15 21:26:48.8009|INFO|GR_WebApi.Authentication.ApiAuthenticationHandler|BasicAuthentication was not authenticated. Failure message: Invalid Username or Password
2019-12-15 21:26:48.8681|INFO|GR_WebApi.Authentication.ApiAuthenticationHandler|BasicAuthentication was not authenticated. Failure message: Invalid Username or Password
2019-12-15 21:26:48.9014|INFO|GR_WebApi.Authentication.ApiAuthenticationHandler|AuthenticationScheme: BasicAuthentication was challenged.
2019-12-15 21:27:17.8112|INFO|GR_WebApi.Authentication.ApiAuthenticationHandler|BasicAuthentication was not authenticated. Failure message: Invalid Username or Password
2019-12-15 21:29:02.4701|INFO|GR_WebApi.Authentication.ApiAuthenticationHandler|BasicAuthentication was not authenticated. Failure message: Missing Authorization Header
2019-12-15 21:29:13.2274|INFO|GR_WebApi.Authentication.ApiAuthenticationHandler|BasicAuthentication was not authenticated. Failure message: Invalid Username or Password
2019-12-15 21:29:13.2804|INFO|GR_WebApi.Authentication.ApiAuthenticationHandler|BasicAuthentication was not authenticated. Failure message: Invalid Username or Password
2019-12-15 21:29:13.3101|INFO|GR_WebApi.Authentication.ApiAuthenticationHandler|AuthenticationScheme: BasicAuthentication was challenged.
2019-12-15 21:29:59.3570|INFO|GR_WebApi.Authentication.ApiAuthenticationHandler|BasicAuthentication was not authenticated. Failure message: Missing Authorization Header
2019-12-15 21:30:08.6320|INFO|GR_WebApi.Authentication.ApiAuthenticationHandler|BasicAuthentication was not authenticated. Failure message: Invalid Username or Password
2019-12-15 21:30:08.6998|INFO|GR_WebApi.Authentication.ApiAuthenticationHandler|BasicAuthentication was not authenticated. Failure message: Invalid Username or Password
2019-12-15 21:30:08.7323|INFO|GR_WebApi.Authentication.ApiAuthenticationHandler|AuthenticationScheme: BasicAuthentication was challenged.
2019-12-15 21:30:10.6020|INFO|GR_WebApi.Authentication.ApiAuthenticationHandler|BasicAuthentication was not authenticated. Failure message: Invalid Username or Password
2019-12-15 21:30:10.6091|INFO|GR_WebApi.Authentication.ApiAuthenticationHandler|BasicAuthentication was not authenticated. Failure message: Invalid Username or Password
2019-12-15 21:30:10.6091|INFO|GR_WebApi.Authentication.ApiAuthenticationHandler|AuthenticationScheme: BasicAuthentication was challenged.
2019-12-15 21:31:06.6107|INFO|GR_WebApi.Authentication.ApiAuthenticationHandler|BasicAuthentication was not authenticated. Failure message: Missing Authorization Header
2019-12-15 21:31:10.3177|INFO|GR_WebApi.Authentication.ApiAuthenticationHandler|BasicAuthentication was not authenticated. Failure message: Invalid Username or Password
2019-12-15 21:31:10.3885|INFO|GR_WebApi.Authentication.ApiAuthenticationHandler|BasicAuthentication was not authenticated. Failure message: Invalid Username or Password
2019-12-15 21:31:10.4199|INFO|GR_WebApi.Authentication.ApiAuthenticationHandler|AuthenticationScheme: BasicAuthentication was challenged.
2019-12-15 21:32:13.5015|INFO|GR_WebApi.Authentication.ApiAuthenticationHandler|BasicAuthentication was not authenticated. Failure message: Missing Authorization Header
2019-12-15 21:33:01.7131|INFO|GR_WebApi.Authentication.ApiAuthenticationHandler|BasicAuthentication was not authenticated. Failure message: Missing Authorization Header
2019-12-15 21:33:01.7883|INFO|GR_WebApi.Authentication.ApiAuthenticationHandler|BasicAuthentication was not authenticated. Failure message: Missing Authorization Header
2019-12-15 21:33:01.8281|INFO|GR_WebApi.Authentication.ApiAuthenticationHandler|AuthenticationScheme: BasicAuthentication was challenged.
2019-12-15 21:34:09.0378|INFO|GR_WebApi.Authentication.ApiAuthenticationHandler|BasicAuthentication was not authenticated. Failure message: Invalid Username or Password
2019-12-15 21:34:09.0503|INFO|GR_WebApi.Authentication.ApiAuthenticationHandler|BasicAuthentication was not authenticated. Failure message: Invalid Username or Password
2019-12-15 21:34:09.0637|INFO|GR_WebApi.Authentication.ApiAuthenticationHandler|AuthenticationScheme: BasicAuthentication was challenged.
2019-12-15 21:35:20.3844|INFO|GR_WebApi.Authentication.ApiAuthenticationHandler|BasicAuthentication was not authenticated. Failure message: Invalid Username or Password
2019-12-15 21:35:20.4317|INFO|GR_WebApi.Authentication.ApiAuthenticationHandler|BasicAuthentication was not authenticated. Failure message: Invalid Username or Password
2019-12-15 21:35:20.4643|INFO|GR_WebApi.Authentication.ApiAuthenticationHandler|AuthenticationScheme: BasicAuthentication was challenged.
2019-12-15 21:35:57.4304|INFO|GR_WebApi.Authentication.ApiAuthenticationHandler|BasicAuthentication was not authenticated. Failure message: Invalid Username or Password
2019-12-15 21:35:57.4390|INFO|GR_WebApi.Authentication.ApiAuthenticationHandler|BasicAuthentication was not authenticated. Failure message: Invalid Username or Password
2019-12-15 21:35:57.4569|INFO|GR_WebApi.Authentication.ApiAuthenticationHandler|AuthenticationScheme: BasicAuthentication was challenged.
2019-12-15 21:38:03.7462|INFO|GR_WebApi.Authentication.ApiAuthenticationHandler|BasicAuthentication was not authenticated. Failure message: Invalid Username or Password
2019-12-15 21:38:03.8771|INFO|GR_WebApi.Authentication.ApiAuthenticationHandler|AuthenticationScheme: BasicAuthentication was challenged.
2019-12-15 21:40:24.2140|INFO|GR_WebApi.Authentication.ApiAuthenticationHandler|BasicAuthentication was not authenticated. Failure message: Invalid Username or Password
2019-12-15 21:40:24.2356|INFO|GR_WebApi.Authentication.ApiAuthenticationHandler|AuthenticationScheme: BasicAuthentication was challenged.
2019-12-15 21:44:40.4012|INFO|GR_WebApi.Authentication.ApiAuthenticationHandler|BasicAuthentication was not authenticated. Failure message: Missing Authorization Header
2019-12-15 21:45:43.7476|INFO|GR_WebApi.Authentication.ApiAuthenticationHandler|BasicAuthentication was not authenticated. Failure message: Missing Authorization Header
2019-12-15 21:46:23.1052|INFO|GR_WebApi.Authentication.ApiAuthenticationHandler|BasicAuthentication was not authenticated. Failure message: Missing Authorization Header
2019-12-15 21:46:34.2182|DEBUG|GR_WebApi.Authentication.ApiAuthenticationHandler|AuthenticationScheme: BasicAuthentication was successfully authenticated.
2019-12-15 21:47:38.3327|INFO|GR_WebApi.Authentication.ApiAuthenticationHandler|BasicAuthentication was not authenticated. Failure message: Missing Authorization Header
2019-12-15 21:47:38.4762|INFO|GR_WebApi.Authentication.ApiAuthenticationHandler|AuthenticationScheme: BasicAuthentication was challenged.
2019-12-15 21:48:07.1389|INFO|GR_WebApi.Authentication.ApiAuthenticationHandler|BasicAuthentication was not authenticated. Failure message: Missing Authorization Header
2019-12-15 21:48:07.1812|INFO|GR_WebApi.Authentication.ApiAuthenticationHandler|AuthenticationScheme: BasicAuthentication was challenged.
2019-12-15 21:48:14.9150|INFO|GR_WebApi.Authentication.ApiAuthenticationHandler|BasicAuthentication was not authenticated. Failure message: Missing Authorization Header
2019-12-15 21:48:14.9415|INFO|GR_WebApi.Authentication.ApiAuthenticationHandler|AuthenticationScheme: BasicAuthentication was challenged.
2019-12-15 21:52:47.3924|INFO|GR_WebApi.Authentication.ApiAuthenticationHandler|BasicAuthentication was not authenticated. Failure message: Invalid Username or Password
2019-12-15 21:52:47.5562|INFO|GR_WebApi.Authentication.ApiAuthenticationHandler|AuthenticationScheme: BasicAuthentication was challenged.
2019-12-15 21:52:52.1335|DEBUG|GR_WebApi.Authentication.ApiAuthenticationHandler|AuthenticationScheme: BasicAuthentication was successfully authenticated.
2019-12-15 21:56:21.7638|INFO|GR_WebApi.Authentication.ApiAuthenticationHandler|BasicAuthentication was not authenticated. Failure message: Missing Authorization Header
2019-12-15 21:56:21.7857|INFO|GR_WebApi.Authentication.ApiAuthenticationHandler|AuthenticationScheme: BasicAuthentication was challenged.
2019-12-15 21:57:23.3254|DEBUG|GR_WebApi.Authentication.ApiAuthenticationHandler|AuthenticationScheme: BasicAuthentication was successfully authenticated.
2019-12-15 21:57:23.3646|INFO|GR_WebApi.Controllers.AuditController|Data downloading for AuditAccounts by D73EA21C-334A-4F2E-B4A4-922DC86E3DC5
2019-12-15 21:58:20.7228|DEBUG|GR_WebApi.Authentication.ApiAuthenticationHandler|AuthenticationScheme: BasicAuthentication was successfully authenticated.
2019-12-15 21:58:20.7662|INFO|GR_WebApi.Controllers.AuditController|Data downloading for AuditAccounts by D73EA21C-334A-4F2E-B4A4-922DC86E3DC5
2019-12-15 21:59:21.7994|INFO|GR_WebApi.Authentication.ApiAuthenticationHandler|BasicAuthentication was not authenticated. Failure message: Missing Authorization Header
2019-12-15 21:59:33.6832|DEBUG|GR_WebApi.Authentication.ApiAuthenticationHandler|AuthenticationScheme: BasicAuthentication was successfully authenticated.
2019-12-15 21:59:33.7767|DEBUG|GR_WebApi.Authentication.ApiAuthenticationHandler|AuthenticationScheme: BasicAuthentication was successfully authenticated.
2019-12-15 21:59:33.8339|INFO|GR_WebApi.Controllers.AuditController|Data downloading for AuditAccounts by 727BC3D1-0E52-455F-A323-3DFEB69E0052
2019-12-15 22:26:54.2193|INFO|GR_WebApi.Authentication.ApiAuthenticationHandler|BasicAuthentication was not authenticated. Failure message: Missing Authorization Header
2019-12-15 22:27:15.4433|INFO|GR_WebApi.Authentication.ApiAuthenticationHandler|BasicAuthentication was not authenticated. Failure message: Missing Authorization Header
2019-12-15 22:27:15.5360|INFO|GR_WebApi.Authentication.ApiAuthenticationHandler|BasicAuthentication was not authenticated. Failure message: Missing Authorization Header
2019-12-15 22:27:15.5749|INFO|GR_WebApi.Authentication.ApiAuthenticationHandler|AuthenticationScheme: BasicAuthentication was challenged.
2019-12-15 22:27:43.2172|DEBUG|GR_WebApi.Authentication.ApiAuthenticationHandler|AuthenticationScheme: BasicAuthentication was successfully authenticated.
2019-12-15 22:27:43.2408|DEBUG|GR_WebApi.Authentication.ApiAuthenticationHandler|AuthenticationScheme: BasicAuthentication was successfully authenticated.
2019-12-15 22:27:43.3051|INFO|GR_WebApi.Controllers.GlobalRepositoryDataController|Data downloading for GrAccount by lukasz
2019-12-15 22:28:55.3247|DEBUG|GR_WebApi.Authentication.ApiAuthenticationHandler|AuthenticationScheme: BasicAuthentication was successfully authenticated.
2019-12-15 22:28:55.3389|DEBUG|GR_WebApi.Authentication.ApiAuthenticationHandler|AuthenticationScheme: BasicAuthentication was successfully authenticated.
2019-12-15 22:30:20.1543|INFO|GR_WebApi.Authentication.ApiAuthenticationHandler|BasicAuthentication was not authenticated. Failure message: Missing Authorization Header
2019-12-15 22:30:28.9285|DEBUG|GR_WebApi.Authentication.ApiAuthenticationHandler|AuthenticationScheme: BasicAuthentication was successfully authenticated.
2019-12-15 22:30:29.0182|DEBUG|GR_WebApi.Authentication.ApiAuthenticationHandler|AuthenticationScheme: BasicAuthentication was successfully authenticated.
2019-12-15 22:30:29.0678|INFO|GR_WebApi.Controllers.GlobalRepositoryDataController|Data downloading for GrAccount by 59f59c32-8233-49fb-bf3b-7f55b3f79c0b
2019-12-15 22:30:49.3425|DEBUG|GR_WebApi.Authentication.ApiAuthenticationHandler|AuthenticationScheme: BasicAuthentication was successfully authenticated.
2019-12-15 22:30:49.3627|DEBUG|GR_WebApi.Authentication.ApiAuthenticationHandler|AuthenticationScheme: BasicAuthentication was successfully authenticated.
2019-12-15 22:30:49.3769|INFO|GR_WebApi.Controllers.GlobalRepositoryDataController|Data downloading for GrAccount by 59f59c32-8233-49fb-bf3b-7f55b3f79c0b
2019-12-15 22:41:11.7856|INFO|GR_WebApi.Authentication.ApiAuthenticationHandler|BasicAuthentication was not authenticated. Failure message: Missing Authorization Header
2019-12-15 22:41:14.5153|INFO|GR_WebApi.Authentication.ApiAuthenticationHandler|BasicAuthentication was not authenticated. Failure message: Missing Authorization Header
2019-12-15 22:41:21.6009|INFO|GR_WebApi.Authentication.ApiAuthenticationHandler|BasicAuthentication was not authenticated. Failure message: Missing Authorization Header
2019-12-15 22:42:16.4168|INFO|GR_WebApi.Authentication.ApiAuthenticationHandler|BasicAuthentication was not authenticated. Failure message: Missing Authorization Header
2019-12-15 22:42:16.5067|INFO|GR_WebApi.Authentication.ApiAuthenticationHandler|BasicAuthentication was not authenticated. Failure message: Missing Authorization Header
2019-12-15 22:42:16.5561|INFO|GR_WebApi.Authentication.ApiAuthenticationHandler|AuthenticationScheme: BasicAuthentication was challenged.
2019-12-15 22:45:05.1651|INFO|GR_WebApi.Authentication.ApiAuthenticationHandler|BasicAuthentication was not authenticated. Failure message: Missing Authorization Header
2019-12-15 22:45:35.4036|DEBUG|GR_WebApi.Authentication.ApiAuthenticationHandler|AuthenticationScheme: BasicAuthentication was successfully authenticated.
2019-12-15 22:45:35.4657|DEBUG|GR_WebApi.Authentication.ApiAuthenticationHandler|AuthenticationScheme: BasicAuthentication was successfully authenticated.
2019-12-15 22:45:54.4661|DEBUG|GR_WebApi.Authentication.ApiAuthenticationHandler|AuthenticationScheme: BasicAuthentication was successfully authenticated.
2019-12-15 22:45:54.4995|DEBUG|GR_WebApi.Authentication.ApiAuthenticationHandler|AuthenticationScheme: BasicAuthentication was successfully authenticated.
2019-12-15 22:45:54.5325|INFO|GR_WebApi.Controllers.AuditController|Data downloading for AuditAccountsCount by 4D4920AC-102C-4ADC-A2AC-7425A4D1C661
2019-12-15 22:48:24.5717|INFO|GR_WebApi.Authentication.ApiAuthenticationHandler|BasicAuthentication was not authenticated. Failure message: Missing Authorization Header
2019-12-15 22:49:39.1459|DEBUG|GR_WebApi.Authentication.ApiAuthenticationHandler|AuthenticationScheme: BasicAuthentication was successfully authenticated.
2019-12-15 22:49:39.2284|DEBUG|GR_WebApi.Authentication.ApiAuthenticationHandler|AuthenticationScheme: BasicAuthentication was successfully authenticated.
