2019-12-13 17:19:14.6371|INFO|GR_WebApi.Controllers.AuditController|Data downloading for AuditAccounts by lukasz
2019-12-13 17:35:10.1310|INFO|GR_WebApi.Controllers.AuditController|Data downloading for AuditAccounts by lukasz
2019-12-13 19:25:32.8334|INFO|GR_WebApi.Controllers.AuditController|Data downloading for AuditAccounts by lukasz
2019-12-13 19:37:49.0529|INFO|GR_WebApi.Controllers.AuditController|Data downloading for AuditSystems by 8FEB7636-5EFB-4D03-8754-A8ACD2311197
2019-12-13 19:37:58.0390|INFO|GR_WebApi.Controllers.AuditController|Data downloading for AuditSystems by 8FEB7636-5EFB-4D03-8754-A8ACD2311197
2019-12-13 19:38:23.0122|INFO|GR_WebApi.Controllers.AuditController|Data downloading for AuditSystems by 8FEB7636-5EFB-4D03-8754-A8ACD2311197
2019-12-13 19:43:59.9820|INFO|GR_WebApi.Controllers.AuditController|Data downloading for AuditServers by B898E4CA-FB65-45F5-9A45-DED41FEB5B34
2019-12-13 19:44:14.2423|INFO|GR_WebApi.Controllers.AuditController|Data downloading for AuditServers by B898E4CA-FB65-45F5-9A45-DED41FEB5B34
2019-12-13 19:47:12.6599|INFO|GR_WebApi.Controllers.AuditController|Data downloading for AuditServers by B898E4CA-FB65-45F5-9A45-DED41FEB5B34
2019-12-13 19:51:37.6526|INFO|GR_WebApi.Controllers.AuditController|Data downloading for AuditServers by B898E4CA-FB65-45F5-9A45-DED41FEB5B34
2019-12-13 19:55:04.1649|INFO|GR_WebApi.Controllers.AuditController|Data downloading for AuditServers by B898E4CA-FB65-45F5-9A45-DED41FEB5B34
2019-12-13 19:58:28.4227|INFO|GR_WebApi.Controllers.AuditController|Data downloading for AuditServers by B898E4CA-FB65-45F5-9A45-DED41FEB5B34
2019-12-13 20:41:02.5709|INFO|GR_WebApi.Controllers.AuditController|Data downloading for AuditServers by C0C3F79C-1CA7-47C8-8D62-2F8361398310
2019-12-13 20:43:32.5246|INFO|GR_WebApi.Controllers.AuditController|Data downloading for AuditServers by C0C3F79C-1CA7-47C8-8D62-2F8361398310
2019-12-13 21:00:08.5018|INFO|GR_WebApi.Controllers.AuditController|Data downloading for AuditServers by C0C3F79C-1CA7-47C8-8D62-2F8361398310
2019-12-13 21:01:17.3161|INFO|GR_WebApi.Controllers.AuditController|Data downloading for AuditServers by C0C3F79C-1CA7-47C8-8D62-2F8361398310
2019-12-13 21:02:56.9521|INFO|GR_WebApi.Controllers.AuditController|Data downloading for AuditServers by Single
2019-12-13 21:08:46.3508|INFO|GR_WebApi.Controllers.AuditController|Data downloading for AuditServers by C0C3F79C-1CA7-47C8-8D62-2F8361398310
2019-12-13 21:11:14.2771|INFO|GR_WebApi.Controllers.AuditController|Data downloading for AuditServers by C0C3F79C-1CA7-47C8-8D62-2F8361398310
2019-12-13 21:11:32.2326|INFO|GR_WebApi.Controllers.AuditController|Data downloading for AuditServers by C0C3F79C-1CA7-47C8-8D62-2F8361398310
2019-12-13 21:11:43.6350|INFO|GR_WebApi.Controllers.AuditController|Data downloading for AuditServers by C0C3F79C-1CA7-47C8-8D62-2F8361398310
2019-12-13 21:18:37.1846|INFO|GR_WebApi.Controllers.AuditController|Data downloading for AuditServers by C0C3F79C-1CA7-47C8-8D62-2F8361398310
2019-12-13 21:19:26.9226|INFO|GR_WebApi.Controllers.AuditController|Data downloading for AuditAccounts by C523A017-A890-4F4F-B388-FF6859B4C3E5
2019-12-13 21:21:00.1187|INFO|GR_WebApi.Controllers.AuditController|Data downloading for AuditAccounts by lukasz
2019-12-13 21:21:31.6242|INFO|GR_WebApi.Controllers.AuditController|Data downloading for AuditAccounts by lukasz
2019-12-13 21:24:22.2853|INFO|GR_WebApi.Controllers.AuditController|Data downloading for AuditAccounts by lukasz
2019-12-13 21:27:01.7731|INFO|GR_WebApi.Controllers.AuditController|Data downloading for AuditAccounts by lukasz
2019-12-13 21:40:56.4788|INFO|GR_WebApi.Controllers.AuditController|Data downloading for AuditAccounts by lukasz
2019-12-13 21:41:03.1241|INFO|GR_WebApi.Controllers.AuditController|Data downloading for AuditAccounts by lukasz
2019-12-13 21:53:12.0365|INFO|GR_WebApi.Controllers.AuditController|Data downloading for AuditServers by C0C3F79C-1CA7-47C8-8D62-2F8361398310
2019-12-13 21:53:52.0518|INFO|GR_WebApi.Controllers.AuditController|Data downloading for AuditServers by C0C3F79C-1CA7-47C8-8D62-2F8361398310
2019-12-13 21:55:21.4419|INFO|GR_WebApi.Controllers.AuditController|Data downloading for AuditAccounts by lukasz
2019-12-13 21:57:15.0280|INFO|GR_WebApi.Controllers.AuditController|Data downloading for AuditAccounts by lukasz
2019-12-13 21:58:48.9325|INFO|GR_WebApi.Controllers.AuditController|Data downloading for AuditAccounts by lukasz
2019-12-13 22:04:15.6274|INFO|GR_WebApi.Controllers.AuditController|Data downloading for AuditAccounts by C523A017-A890-4F4F-B388-FF6859B4C3E5
2019-12-13 22:11:19.3052|INFO|GR_WebApi.Controllers.AuditController|Data downloading for AuditAccounts by lukasz
2019-12-13 22:11:32.9327|INFO|GR_WebApi.Controllers.AuditController|Data downloading for AuditAccounts by lukasz
2019-12-13 22:13:18.1565|INFO|GR_WebApi.Controllers.AuditController|Data downloading for AuditAccounts by lukasz
2019-12-13 22:21:03.7082|INFO|GR_WebApi.Controllers.AuditController|Data downloading for AuditAccounts by lukasz.f.d@outlook.com
2019-12-13 22:21:17.6254|INFO|GR_WebApi.Controllers.AuditController|Data downloading for AuditAccounts by lukasz.f.d@outlook.com
2019-12-13 22:21:34.9650|INFO|GR_WebApi.Controllers.AuditController|Data downloading for AuditAccounts by lukasz.f.d@outlook.com
2019-12-13 22:22:53.2420|INFO|GR_WebApi.Controllers.AuditController|Data downloading for AuditAccounts by lukasz.f.d@outlook.com
2019-12-13 22:24:11.6009|INFO|GR_WebApi.Controllers.AuditController|Data downloading for AuditAccounts by lukasz.f.d@outlook.com
2019-12-13 22:24:45.0657|INFO|GR_WebApi.Controllers.AuditController|Data downloading for AuditAccounts by lukasz.f.d@outlook.com
2019-12-13 22:24:49.9451|INFO|GR_WebApi.Controllers.AuditController|Data downloading for AuditAccounts by lukasz.f.d@outlook.com
2019-12-13 22:24:57.0328|INFO|GR_WebApi.Controllers.AuditController|Data downloading for AuditAccounts by lukasz.f.d@outlook.com
2019-12-13 22:25:04.3309|INFO|GR_WebApi.Controllers.AuditController|Data downloading for AuditAccounts by lukasz.f.d@outlook.com
2019-12-13 22:25:14.4043|INFO|GR_WebApi.Controllers.AuditController|Data downloading for AuditAccounts by lukasz.f.d@outlook.com
2019-12-13 22:25:23.0951|INFO|GR_WebApi.Controllers.AuditController|Data downloading for AuditAccounts by lukasz.f.d@outlook.com
2019-12-13 22:26:17.7880|INFO|GR_WebApi.Controllers.AuditController|Data downloading for AuditAccounts by lukasz.f.d@outlook.com
2019-12-13 22:26:35.5081|INFO|GR_WebApi.Controllers.AuditController|Data downloading for AuditServers by a0aa8c07-d751-47e7-a180-d6b8c6d16658
2019-12-13 22:26:39.7922|INFO|GR_WebApi.Controllers.AuditController|Data downloading for AuditServers by a0aa8c07-d751-47e7-a180-d6b8c6d16658
2019-12-13 22:26:43.8310|INFO|GR_WebApi.Controllers.AuditController|Data downloading for AuditServers by a0aa8c07-d751-47e7-a180-d6b8c6d16658
2019-12-13 22:27:37.2644|INFO|GR_WebApi.Controllers.AuditController|Data downloading for AuditServers by C0C3F79C-1CA7-47C8-8D62-2F8361398310
2019-12-13 22:27:43.8764|INFO|GR_WebApi.Controllers.AuditController|Data downloading for AuditServers by C0C3F79C-1CA7-47C8-8D62-2F8361398310
2019-12-13 22:27:53.0534|INFO|GR_WebApi.Controllers.AuditController|Data downloading for AuditServers by C0C3F79C-1CA7-47C8-8D62-2F8361398310
2019-12-13 22:27:57.3001|INFO|GR_WebApi.Controllers.AuditController|Data downloading for AuditServers by C0C3F79C-1CA7-47C8-8D62-2F8361398310
2019-12-13 22:29:03.1418|INFO|GR_WebApi.Controllers.AuditController|Data downloading for AuditAccounts by lukasz.f.d@outlook.com
2019-12-13 22:29:16.9927|INFO|GR_WebApi.Controllers.AuditController|Data downloading for AuditAccounts by lukasz.f.d@outlook.com
2019-12-13 22:29:21.6582|INFO|GR_WebApi.Controllers.AuditController|Data downloading for AuditAccounts by lukasz.f.d@outlook.com
2019-12-13 22:29:27.6027|INFO|GR_WebApi.Controllers.AuditController|Data downloading for AuditAccounts by lukasz.f.d@outlook.com
2019-12-13 22:29:36.5965|INFO|GR_WebApi.Controllers.AuditController|Data downloading for AuditAccounts by lukasz.f.d@outlook.com
2019-12-13 22:29:42.0995|INFO|GR_WebApi.Controllers.AuditController|Data downloading for AuditAccounts by lukasz.f.d@outlook.com
2019-12-13 22:29:45.2585|INFO|GR_WebApi.Controllers.AuditController|Data downloading for AuditAccounts by lukasz.f.d@outlook.com
2019-12-13 22:29:49.3819|INFO|GR_WebApi.Controllers.AuditController|Data downloading for AuditAccounts by lukasz.f.d@outlook.com
2019-12-13 22:29:52.6344|INFO|GR_WebApi.Controllers.AuditController|Data downloading for AuditAccounts by lukasz.f.d@outlook.com
2019-12-13 22:29:58.8757|INFO|GR_WebApi.Controllers.AuditController|Data downloading for AuditAccounts by lukasz.f.d@outlook.com
2019-12-13 22:30:03.3827|INFO|GR_WebApi.Controllers.AuditController|Data downloading for AuditAccounts by lukasz.f.d@outlook.com
2019-12-13 22:30:08.0773|INFO|GR_WebApi.Controllers.AuditController|Data downloading for AuditAccounts by lukasz.f.d@outlook.com
2019-12-13 22:30:45.4219|INFO|GR_WebApi.Controllers.AuditController|Data downloading for AuditServers by C0C3F79C-1CA7-47C8-8D62-2F8361398310
2019-12-13 22:30:51.4103|INFO|GR_WebApi.Controllers.AuditController|Data downloading for AuditServers by C0C3F79C-1CA7-47C8-8D62-2F8361398310
2019-12-13 22:30:56.7206|INFO|GR_WebApi.Controllers.AuditController|Data downloading for AuditServers by C0C3F79C-1CA7-47C8-8D62-2F8361398310
2019-12-13 22:31:07.9564|INFO|GR_WebApi.Controllers.AuditController|Data downloading for AuditServers by C0C3F79C-1CA7-47C8-8D62-2F8361398310
2019-12-13 22:31:19.5020|INFO|GR_WebApi.Controllers.AuditController|Data downloading for AuditServers by C0C3F79C-1CA7-47C8-8D62-2F8361398310
2019-12-13 22:31:25.9322|INFO|GR_WebApi.Controllers.AuditController|Data downloading for AuditServers by C0C3F79C-1CA7-47C8-8D62-2F8361398310
2019-12-13 22:34:42.8567|INFO|GR_WebApi.Controllers.AuditController|Data downloading for AuditAccounts by lukasz.f.d@outlook.com
2019-12-13 22:34:47.7671|INFO|GR_WebApi.Controllers.AuditController|Data downloading for AuditAccounts by lukasz.f.d@outlook.com
2019-12-13 22:35:05.5563|INFO|GR_WebApi.Controllers.AuditController|Data downloading for AuditAccounts by lukasz.f.d@outlook.com
2019-12-13 22:35:15.6664|INFO|GR_WebApi.Controllers.AuditController|Data downloading for AuditAccounts by lukasz.f.d@outlook.com
2019-12-13 22:37:09.0078|INFO|GR_WebApi.Controllers.AuditController|Data downloading for AuditAccounts by lukasz.f.d@outlook.com
2019-12-13 22:37:17.2748|INFO|GR_WebApi.Controllers.AuditController|Data downloading for AuditAccounts by lukasz.f.d@outlook.com
2019-12-13 22:37:23.3266|INFO|GR_WebApi.Controllers.AuditController|Data downloading for AuditAccounts by lukasz.f.d@outlook.com
2019-12-13 22:38:33.8614|INFO|GR_WebApi.Controllers.AuditController|Data downloading for AuditAccounts by lukasz.f.d@outlook.com
2019-12-13 22:38:40.1257|INFO|GR_WebApi.Controllers.AuditController|Data downloading for AuditAccounts by lukasz.f.d@outlook.com
2019-12-13 22:38:47.0506|INFO|GR_WebApi.Controllers.AuditController|Data downloading for AuditAccounts by lukasz.f.d@outlook.com
2019-12-13 22:41:53.5695|INFO|GR_WebApi.Controllers.AuditController|Data downloading for AuditServers by E52C8D5C-115D-4526-8F19-A18724995B39
2019-12-13 22:42:00.8575|INFO|GR_WebApi.Controllers.AuditController|Data downloading for AuditServers by E52C8D5C-115D-4526-8F19-A18724995B39
2019-12-13 22:42:06.4871|INFO|GR_WebApi.Controllers.AuditController|Data downloading for AuditServers by E52C8D5C-115D-4526-8F19-A18724995B39
2019-12-13 22:42:37.2954|INFO|GR_WebApi.Controllers.AuditController|Data downloading for AuditServers by E52C8D5C-115D-4526-8F19-A18724995B39
2019-12-13 22:42:48.5993|INFO|GR_WebApi.Controllers.AuditController|Data downloading for AuditServers by E52C8D5C-115D-4526-8F19-A18724995B39
2019-12-13 22:43:13.3573|INFO|GR_WebApi.Controllers.AuditController|Data downloading for AuditServers by E52C8D5C-115D-4526-8F19-A18724995B39
2019-12-13 22:43:22.9207|INFO|GR_WebApi.Controllers.AuditController|Data downloading for AuditServers by E52C8D5C-115D-4526-8F19-A18724995B39
2019-12-13 22:44:22.0029|INFO|GR_WebApi.Controllers.AuditController|Data downloading for AuditAccounts by lukasz.f.d@outlook.com
2019-12-13 22:44:36.2741|INFO|GR_WebApi.Controllers.AuditController|Data downloading for AuditAccounts by lukasz.f.d@outlook.com
2019-12-13 22:44:46.7728|INFO|GR_WebApi.Controllers.AuditController|Data downloading for AuditAccounts by lukasz.f.d@outlook.com
2019-12-13 22:44:56.6463|INFO|GR_WebApi.Controllers.AuditController|Data downloading for AuditAccounts by lukasz.f.d@outlook.com
2019-12-13 22:45:05.7701|INFO|GR_WebApi.Controllers.AuditController|Data downloading for AuditAccounts by lukasz.f.d@outlook.com
2019-12-13 22:45:20.3599|INFO|GR_WebApi.Controllers.AuditController|Data downloading for AuditAccounts by lukasz.f.d@outlook.com
2019-12-13 22:46:50.3193|INFO|GR_WebApi.Controllers.AuditController|Data downloading for AuditAccounts by lukasz
2019-12-13 22:47:39.5185|INFO|GR_WebApi.Controllers.AuditController|Data downloading for AuditAccounts by lukasz
2019-12-13 22:47:50.1593|INFO|GR_WebApi.Controllers.AuditController|Data downloading for AuditAccounts by lukasz
2019-12-13 22:48:00.0431|INFO|GR_WebApi.Controllers.AuditController|Data downloading for AuditAccounts by lukasz
2019-12-13 22:48:04.2122|INFO|GR_WebApi.Controllers.AuditController|Data downloading for AuditAccounts by lukasz
2019-12-13 22:48:06.7161|INFO|GR_WebApi.Controllers.AuditController|Data downloading for AuditAccounts by lukasz
2019-12-13 22:48:09.7647|INFO|GR_WebApi.Controllers.AuditController|Data downloading for AuditAccounts by lukasz
2019-12-13 22:48:55.2330|INFO|GR_WebApi.Controllers.AuditController|Data downloading for AuditAccounts by lukasz
2019-12-13 22:49:40.1361|INFO|GR_WebApi.Controllers.AuditController|Data downloading for AuditAccounts by lukasz
2019-12-13 22:49:52.4584|INFO|GR_WebApi.Controllers.AuditController|Data downloading for AuditAccounts by lukasz
2019-12-13 22:49:56.5568|INFO|GR_WebApi.Controllers.AuditController|Data downloading for AuditAccounts by lukasz
2019-12-13 22:49:59.2520|INFO|GR_WebApi.Controllers.AuditController|Data downloading for AuditAccounts by lukasz
2019-12-13 22:50:06.8162|INFO|GR_WebApi.Controllers.AuditController|Data downloading for AuditAccounts by lukasz
2019-12-13 22:50:25.2670|INFO|GR_WebApi.Controllers.AuditController|Data downloading for AuditAccounts by lukasz
2019-12-13 22:50:34.1742|INFO|GR_WebApi.Controllers.AuditController|Data downloading for AuditAccounts by lukasz
2019-12-13 22:52:54.2136|INFO|GR_WebApi.Controllers.AuditController|Data downloading for AuditAccounts by lukasz
2019-12-13 22:52:59.7734|INFO|GR_WebApi.Controllers.AuditController|Data downloading for AuditAccounts by lukasz
2019-12-13 22:53:11.8743|INFO|GR_WebApi.Controllers.AuditController|Data downloading for AuditAccounts by lukasz
2019-12-13 22:53:53.5179|INFO|GR_WebApi.Controllers.AuditController|Data downloading for AuditAccounts by lukasz
2019-12-13 22:55:33.8499|INFO|GR_WebApi.Controllers.AuditController|Data downloading for AuditAccounts by lukasz
2019-12-13 22:57:06.7613|INFO|GR_WebApi.Controllers.AuditController|Data downloading for AuditAccounts by lukasz
2019-12-13 22:57:10.4834|INFO|GR_WebApi.Controllers.AuditController|Data downloading for AuditAccounts by lukasz
2019-12-13 22:57:15.2230|INFO|GR_WebApi.Controllers.AuditController|Data downloading for AuditAccounts by lukasz
2019-12-13 22:58:57.7473|INFO|GR_WebApi.Controllers.AuditController|Data downloading for AuditAccounts by lukasz
2019-12-13 22:59:01.9575|INFO|GR_WebApi.Controllers.AuditController|Data downloading for AuditAccounts by lukasz
2019-12-13 22:59:18.0089|INFO|GR_WebApi.Controllers.AuditController|Data downloading for AuditAccounts by lukasz
2019-12-13 22:59:56.4869|INFO|GR_WebApi.Controllers.AuditController|Data downloading for AuditAccounts by lukasz
2019-12-13 23:00:01.9453|INFO|GR_WebApi.Controllers.AuditController|Data downloading for AuditAccounts by lukasz
2019-12-13 23:00:05.8874|INFO|GR_WebApi.Controllers.AuditController|Data downloading for AuditAccounts by lukasz
2019-12-13 23:00:12.6612|INFO|GR_WebApi.Controllers.AuditController|Data downloading for AuditAccounts by lukasz
2019-12-13 23:00:17.2652|INFO|GR_WebApi.Controllers.AuditController|Data downloading for AuditAccounts by lukasz
2019-12-13 23:00:20.9356|INFO|GR_WebApi.Controllers.AuditController|Data downloading for AuditAccounts by lukasz
2019-12-13 23:00:28.6567|INFO|GR_WebApi.Controllers.AuditController|Data downloading for AuditAccounts by lukasz
2019-12-13 23:00:59.9294|INFO|GR_WebApi.Controllers.AuditController|Data downloading for AuditAccounts by lukasz
2019-12-13 23:01:41.4208|INFO|GR_WebApi.Controllers.AuditController|Data downloading for AuditAccounts by lukasz
2019-12-13 23:01:49.8058|INFO|GR_WebApi.Controllers.AuditController|Data downloading for AuditAccounts by lukasz
2019-12-13 23:02:03.0344|INFO|GR_WebApi.Controllers.AuditController|Data downloading for AuditAccounts by lukasz
2019-12-13 23:02:13.0547|INFO|GR_WebApi.Controllers.AuditController|Data downloading for AuditAccounts by lukasz
2019-12-13 23:02:21.7970|INFO|GR_WebApi.Controllers.AuditController|Data downloading for AuditAccounts by lukasz
2019-12-13 23:03:02.7630|INFO|GR_WebApi.Controllers.AuditController|Data downloading for AuditAccounts by lukasz
2019-12-13 23:03:23.3373|INFO|GR_WebApi.Controllers.AuditController|Data downloading for AuditAccounts by lukasz
2019-12-13 23:03:29.8744|INFO|GR_WebApi.Controllers.AuditController|Data downloading for AuditAccounts by lukasz
2019-12-13 23:03:35.7039|INFO|GR_WebApi.Controllers.AuditController|Data downloading for AuditAccounts by lukasz
2019-12-13 23:03:39.5792|INFO|GR_WebApi.Controllers.AuditController|Data downloading for AuditAccounts by lukasz
2019-12-13 23:11:10.6023|INFO|GR_WebApi.Controllers.AuditController|Data downloading for AuditAccounts by lukasz
2019-12-13 23:11:17.8736|INFO|GR_WebApi.Controllers.AuditController|Data downloading for AuditAccounts by lukasz
2019-12-13 23:11:21.6258|INFO|GR_WebApi.Controllers.AuditController|Data downloading for AuditAccounts by lukasz
2019-12-13 23:11:30.0125|INFO|GR_WebApi.Controllers.AuditController|Data downloading for AuditAccounts by lukasz
2019-12-13 23:11:34.4650|INFO|GR_WebApi.Controllers.AuditController|Data downloading for AuditAccounts by lukasz
2019-12-13 23:11:37.8605|INFO|GR_WebApi.Controllers.AuditController|Data downloading for AuditAccounts by lukasz
2019-12-13 23:11:43.6639|INFO|GR_WebApi.Controllers.AuditController|Data downloading for AuditAccounts by lukasz
2019-12-13 23:11:54.0329|INFO|GR_WebApi.Controllers.AuditController|Data downloading for AuditAccounts by lukasz
2019-12-13 23:12:42.7469|INFO|GR_WebApi.Controllers.AuditController|Data downloading for AuditAccounts by lukasz
2019-12-13 23:12:46.4395|INFO|GR_WebApi.Controllers.AuditController|Data downloading for AuditAccounts by lukasz
2019-12-13 23:12:54.7489|INFO|GR_WebApi.Controllers.AuditController|Data downloading for AuditAccounts by lukasz
2019-12-13 23:13:02.2465|INFO|GR_WebApi.Controllers.AuditController|Data downloading for AuditAccounts by lukasz
2019-12-13 23:13:07.9157|INFO|GR_WebApi.Controllers.AuditController|Data downloading for AuditAccounts by lukasz
2019-12-13 23:13:12.6583|INFO|GR_WebApi.Controllers.AuditController|Data downloading for AuditAccounts by lukasz
2019-12-13 23:13:16.0548|INFO|GR_WebApi.Controllers.AuditController|Data downloading for AuditAccounts by lukasz
2019-12-13 23:15:03.1762|INFO|GR_WebApi.Controllers.AuditController|Data downloading for AuditAccounts by lukasz
2019-12-13 23:15:10.7212|INFO|GR_WebApi.Controllers.AuditController|Data downloading for AuditAccounts by lukasz
2019-12-13 23:15:24.2568|INFO|GR_WebApi.Controllers.AuditController|Data downloading for AuditAccounts by lukasz
2019-12-13 23:16:53.7262|INFO|GR_WebApi.Controllers.AuditController|Data downloading for AuditAccounts by lukasz
2019-12-13 23:17:02.4817|INFO|GR_WebApi.Controllers.AuditController|Data downloading for AuditAccounts by lukasz
2019-12-13 23:17:06.7478|INFO|GR_WebApi.Controllers.AuditController|Data downloading for AuditAccounts by lukasz
2019-12-13 23:17:10.3100|INFO|GR_WebApi.Controllers.AuditController|Data downloading for AuditAccounts by lukasz
2019-12-13 23:17:53.7621|INFO|GR_WebApi.Controllers.AuditController|Data downloading for AuditServers by BEE65E43-2060-45F0-B34D-F9F1A64C2CB9
2019-12-13 23:18:00.5715|INFO|GR_WebApi.Controllers.AuditController|Data downloading for AuditServers by BEE65E43-2060-45F0-B34D-F9F1A64C2CB9
2019-12-13 23:18:39.6190|INFO|GR_WebApi.Controllers.AuditController|Data downloading for AuditServers by BEE65E43-2060-45F0-B34D-F9F1A64C2CB9
2019-12-13 23:18:52.3409|INFO|GR_WebApi.Controllers.AuditController|Data downloading for AuditServers by BEE65E43-2060-45F0-B34D-F9F1A64C2CB9
2019-12-13 23:18:56.2945|INFO|GR_WebApi.Controllers.AuditController|Data downloading for AuditServers by BEE65E43-2060-45F0-B34D-F9F1A64C2CB9
2019-12-13 23:20:25.1458|INFO|GR_WebApi.Controllers.AuditController|Data downloading for AuditAccounts by lukasz
2019-12-13 23:20:36.9985|INFO|GR_WebApi.Controllers.AuditController|Data downloading for AuditAccounts by lukasz
2019-12-13 23:20:42.2965|INFO|GR_WebApi.Controllers.AuditController|Data downloading for AuditAccounts by lukasz
2019-12-13 23:20:52.6933|INFO|GR_WebApi.Controllers.AuditController|Data downloading for AuditAccounts by lukasz
2019-12-13 23:21:20.4529|INFO|GR_WebApi.Controllers.AuditController|Data downloading for AuditAccounts by lukasz
2019-12-13 23:21:29.0792|INFO|GR_WebApi.Controllers.AuditController|Data downloading for AuditAccounts by lukasz
2019-12-13 23:23:24.7808|INFO|GR_WebApi.Controllers.AuditController|Data downloading for AuditAccounts by lukasz
2019-12-13 23:23:34.3638|INFO|GR_WebApi.Controllers.AuditController|Data downloading for AuditAccounts by lukasz
2019-12-13 23:23:45.9828|INFO|GR_WebApi.Controllers.AuditController|Data downloading for AuditAccounts by lukasz
2019-12-13 23:23:51.8937|INFO|GR_WebApi.Controllers.AuditController|Data downloading for AuditAccounts by lukasz
2019-12-13 23:23:56.5631|INFO|GR_WebApi.Controllers.AuditController|Data downloading for AuditAccounts by lukasz
2019-12-13 23:24:51.3118|INFO|GR_WebApi.Controllers.AuditController|Data downloading for AuditAccounts by lukasz
2019-12-13 23:25:07.1598|INFO|GR_WebApi.Controllers.AuditController|Data downloading for AuditAccounts by lukasz
2019-12-13 23:25:13.6133|INFO|GR_WebApi.Controllers.AuditController|Data downloading for AuditAccounts by lukasz
2019-12-13 23:25:23.3686|INFO|GR_WebApi.Controllers.AuditController|Data downloading for AuditAccounts by lukasz
2019-12-13 23:25:27.8945|INFO|GR_WebApi.Controllers.AuditController|Data downloading for AuditAccounts by lukasz
2019-12-13 23:27:17.5855|INFO|GR_WebApi.Controllers.AuditController|Data downloading for AuditServers by BEE65E43-2060-45F0-B34D-F9F1A64C2CB9
2019-12-13 23:27:21.4915|INFO|GR_WebApi.Controllers.AuditController|Data downloading for AuditServers by BEE65E43-2060-45F0-B34D-F9F1A64C2CB9
2019-12-13 23:27:33.4714|INFO|GR_WebApi.Controllers.AuditController|Data downloading for AuditServers by BEE65E43-2060-45F0-B34D-F9F1A64C2CB9
2019-12-13 23:27:38.1114|INFO|GR_WebApi.Controllers.AuditController|Data downloading for AuditServers by BEE65E43-2060-45F0-B34D-F9F1A64C2CB9
2019-12-13 23:27:42.4874|INFO|GR_WebApi.Controllers.AuditController|Data downloading for AuditServers by BEE65E43-2060-45F0-B34D-F9F1A64C2CB9
2019-12-13 23:27:49.9021|INFO|GR_WebApi.Controllers.AuditController|Data downloading for AuditServers by BEE65E43-2060-45F0-B34D-F9F1A64C2CB9
2019-12-13 23:27:56.5146|INFO|GR_WebApi.Controllers.AuditController|Data downloading for AuditServers by BEE65E43-2060-45F0-B34D-F9F1A64C2CB9
2019-12-13 23:28:13.5326|INFO|GR_WebApi.Controllers.AuditController|Data downloading for AuditAccounts by lukasz
2019-12-13 23:28:36.9939|INFO|GR_WebApi.Controllers.AuditController|Data downloading for AuditAccounts by dupa
2019-12-13 23:28:41.3818|INFO|GR_WebApi.Controllers.AuditController|Data downloading for AuditAccounts by dupa
2019-12-13 23:28:46.2329|INFO|GR_WebApi.Controllers.AuditController|Data downloading for AuditAccounts by lukasz
2019-12-13 23:30:37.2755|INFO|GR_WebApi.Controllers.AuditController|Data downloading for AuditAccounts by lukasz
2019-12-13 23:31:53.6399|INFO|GR_WebApi.Controllers.AuditController|Data downloading for AuditAccounts by lukasz
2019-12-13 23:32:46.2819|INFO|GR_WebApi.Controllers.AuditController|Data downloading for AuditAccounts by lukasz
2019-12-13 23:32:53.0476|INFO|GR_WebApi.Controllers.AuditController|Data downloading for AuditAccounts by lukasz
2019-12-13 23:32:59.6551|INFO|GR_WebApi.Controllers.AuditController|Data downloading for AuditAccounts by lukasz
2019-12-13 23:34:03.5323|INFO|GR_WebApi.Controllers.AuditController|Data downloading for AuditAccounts by lukasz
2019-12-13 23:34:13.2757|INFO|GR_WebApi.Controllers.AuditController|Data downloading for AuditAccounts by lukasz
2019-12-13 23:35:09.9122|INFO|GR_WebApi.Controllers.AuditController|Data downloading for AuditAccounts by lukasz
2019-12-13 23:36:49.6134|INFO|GR_WebApi.Controllers.AuditController|Data downloading for AuditAccounts by lukasz
2019-12-13 23:40:19.4891|INFO|GR_WebApi.Controllers.AuditController|Data downloading for AuditAccounts by 9B255C70-CD9B-4EA7-8E9C-EEA4B88C5812
2019-12-13 23:40:29.3147|INFO|GR_WebApi.Controllers.AuditController|Data downloading for AuditAccounts by 9B255C70-CD9B-4EA7-8E9C-EEA4B88C5812
2019-12-13 23:49:37.1020|INFO|GR_WebApi.Controllers.AuditController|Data downloading for AuditAccounts by lukasz
2019-12-13 23:49:55.4650|INFO|GR_WebApi.Controllers.AuditController|Data downloading for AuditAccounts by lukasz
2019-12-13 23:50:11.6352|INFO|GR_WebApi.Controllers.AuditController|Data downloading for AuditAccounts by lukasz
2019-12-13 23:51:38.7480|INFO|GR_WebApi.Controllers.AuditController|Data downloading for AuditAccounts by lukasz
2019-12-13 23:52:51.4516|INFO|GR_WebApi.Controllers.AuditController|Data downloading for AuditAccounts by lukasz
