2019-12-14 10:42:39.3500|INFO|GR_WebApi.Controllers.AuditController|Data downloading for AuditAccounts by lukasz
2019-12-14 10:43:05.1224|INFO|GR_WebApi.Controllers.AuditController|Data downloading for AuditAccounts by lukasz
2019-12-14 11:00:23.8354|INFO|GR_WebApi.Controllers.AuditController|Data downloading for AuditAccounts by 5FD1FAAF-B5FC-496D-8E93-E5F9F218091E
2019-12-14 11:00:31.3425|INFO|GR_WebApi.Controllers.AuditController|Data downloading for AuditAccounts by 5FD1FAAF-B5FC-496D-8E93-E5F9F218091E
2019-12-14 11:00:38.0930|INFO|GR_WebApi.Controllers.AuditController|Data downloading for AuditAccounts by 5FD1FAAF-B5FC-496D-8E93-E5F9F218091E
2019-12-14 11:00:50.9303|INFO|GR_WebApi.Controllers.AuditController|Data downloading for AuditAccounts by 5FD1FAAF-B5FC-496D-8E93-E5F9F218091E
2019-12-14 11:01:29.9151|INFO|GR_WebApi.Controllers.AuditController|Data downloading for AuditSystems by 8b549844-640b-4481-9fbc-04a6c25cef1b
2019-12-14 11:14:23.1606|INFO|GR_WebApi.Controllers.GlobalRepositoryDataController|Data downloading for GrAccount by lukasz
2019-12-14 11:15:15.2522|INFO|GR_WebApi.Controllers.GlobalRepositoryDataController|Data downloading for GrAccount by lukasz
2019-12-14 11:21:03.4873|INFO|GR_WebApi.Controllers.GlobalRepositoryDataController|Data downloading for GrAccount by lukasz
2019-12-14 11:22:55.3287|INFO|GR_WebApi.Controllers.GlobalRepositoryDataController|Data downloading for GrAccount by lukasz
2019-12-14 11:24:38.1397|INFO|GR_WebApi.Controllers.GlobalRepositoryDataController|Data downloading for GrAccount by lukasz
2019-12-14 11:29:18.9252|INFO|GR_WebApi.Controllers.GlobalRepositoryDataController|Data downloading for GrAccount by lukasz
2019-12-14 11:29:35.8141|INFO|GR_WebApi.Controllers.GlobalRepositoryDataController|Data downloading for GrAccount by lukasz
2019-12-14 11:32:37.4931|INFO|GR_WebApi.Controllers.AuditController|Data downloading for AuditAccounts by 974BF5C9-CD25-4B30-8786-112CB12F1E3B
2019-12-14 12:11:13.3671|INFO|GR_WebApi.Controllers.GlobalRepositoryDataController|Count for GrAccount by lukasz
2019-12-14 12:11:42.8970|INFO|GR_WebApi.Controllers.GlobalRepositoryDataController|Data downloading for GrAccount by lukasz
2019-12-14 12:47:56.8476|INFO|GR_WebApi.Controllers.AuditController|Data downloading for AuditAccountsCount by 7975B3DC-1DEA-4DCA-BEF6-A90147DCD64C
2019-12-14 12:48:12.3305|INFO|GR_WebApi.Controllers.AuditController|Data downloading for AuditAccountsCount by 905C5159-42C3-4EE5-B376-8E558741C396
2019-12-14 12:48:25.2880|INFO|GR_WebApi.Controllers.AuditController|Data downloading for AuditAccounts by 905C5159-42C3-4EE5-B376-8E558741C396
2019-12-14 12:56:05.7873|INFO|GR_WebApi.Controllers.AuditController|Data downloading for AuditAccountsCount by E6140051-01A5-4106-A0DE-632BACD75EF0
2019-12-14 12:56:15.5146|INFO|GR_WebApi.Controllers.AuditController|Data downloading for AuditAccountsCount by D1149FD5-1B1F-4C09-BF02-BC72A24D4405
2019-12-14 12:56:25.3917|INFO|GR_WebApi.Controllers.AuditController|Data downloading for AuditAccountsCount by 3D1DA521-998B-495A-94F8-81FEE1634877
2019-12-14 12:56:38.9723|INFO|GR_WebApi.Controllers.AuditController|Data downloading for AuditAccountsCount by 7E76F45F-8A4E-4F00-95F7-68DC30EF607C
2019-12-14 15:20:55.0804|INFO|GR_WebApi.Controllers.GlobalRepositoryDataController|Data downloading for GrAccount by lukasz
2019-12-14 15:31:31.6641|INFO|GR_WebApi.Authentication.ApiAuthenticationHandler|BasicAuthentication was not authenticated. Failure message: Missing Authorization Header
2019-12-14 15:32:38.8150|INFO|GR_WebApi.Authentication.ApiAuthenticationHandler|AuthenticationScheme: BasicAuthentication was challenged.
2019-12-14 15:34:12.6881|INFO|GR_WebApi.Authentication.ApiAuthenticationHandler|AuthenticationScheme: BasicAuthentication was challenged.
2019-12-14 15:42:46.7991|INFO|GR_WebApi.Authentication.ApiAuthenticationHandler|BasicAuthentication was not authenticated. Failure message: Missing Authorization Header
2019-12-14 15:44:10.6798|INFO|GR_WebApi.Authentication.ApiAuthenticationHandler|BasicAuthentication was not authenticated. Failure message: Missing Authorization Header
2019-12-14 15:44:25.6930|INFO|GR_WebApi.Authentication.ApiAuthenticationHandler|AuthenticationScheme: BasicAuthentication was challenged.
2019-12-14 16:13:12.9387|INFO|GR_WebApi.Authentication.ApiAuthenticationHandler|BasicAuthentication was not authenticated. Failure message: Missing Authorization Header
2019-12-14 16:15:06.3180|INFO|GR_WebApi.Authentication.ApiAuthenticationHandler|AuthenticationScheme: BasicAuthentication was challenged.
2019-12-14 16:29:42.7900|INFO|GR_WebApi.Authentication.ApiAuthenticationHandler|BasicAuthentication was not authenticated. Failure message: Missing Authorization Header
2019-12-14 16:31:55.5782|INFO|GR_WebApi.Authentication.ApiAuthenticationHandler|BasicAuthentication was not authenticated. Failure message: Missing Authorization Header
2019-12-14 16:33:52.0908|INFO|GR_WebApi.Authentication.ApiAuthenticationHandler|BasicAuthentication was not authenticated. Failure message: Missing Authorization Header
2019-12-14 16:34:51.9800|INFO|GR_WebApi.Authentication.ApiAuthenticationHandler|BasicAuthentication was not authenticated. Failure message: Missing Authorization Header
2019-12-14 16:37:45.4380|INFO|GR_WebApi.Authentication.ApiAuthenticationHandler|BasicAuthentication was not authenticated. Failure message: Missing Authorization Header
2019-12-14 16:37:58.4971|INFO|GR_WebApi.Authentication.ApiAuthenticationHandler|AuthenticationScheme: BasicAuthentication was challenged.
2019-12-14 16:54:49.2137|INFO|GR_WebApi.Authentication.ApiAuthenticationHandler|BasicAuthentication was not authenticated. Failure message: Missing Authorization Header
2019-12-14 16:59:32.7104|INFO|GR_WebApi.Authentication.ApiAuthenticationHandler|BasicAuthentication was not authenticated. Failure message: Missing Authorization Header
2019-12-14 17:17:02.0004|INFO|GR_WebApi.Authentication.ApiAuthenticationHandler|BasicAuthentication was not authenticated. Failure message: Missing Authorization Header
2019-12-14 17:17:42.3670|INFO|GR_WebApi.Authentication.ApiAuthenticationHandler|BasicAuthentication was not authenticated. Failure message: Missing Authorization Header
2019-12-14 17:17:42.5037|INFO|GR_WebApi.Authentication.ApiAuthenticationHandler|AuthenticationScheme: BasicAuthentication was challenged.
2019-12-14 17:20:31.1062|INFO|GR_WebApi.Authentication.ApiAuthenticationHandler|BasicAuthentication was not authenticated. Failure message: Missing Authorization Header
2019-12-14 17:42:52.3640|INFO|GR_WebApi.Authentication.ApiAuthenticationHandler|BasicAuthentication was not authenticated. Failure message: Missing Authorization Header
2019-12-14 17:44:06.0637|INFO|GR_WebApi.Authentication.ApiAuthenticationHandler|BasicAuthentication was not authenticated. Failure message: Missing Authorization Header
2019-12-14 17:44:06.2131|INFO|GR_WebApi.Authentication.ApiAuthenticationHandler|AuthenticationScheme: BasicAuthentication was challenged.
2019-12-14 17:52:01.4969|INFO|GR_WebApi.Authentication.ApiAuthenticationHandler|BasicAuthentication was not authenticated. Failure message: Missing Authorization Header
2019-12-14 17:53:11.7571|INFO|GR_WebApi.Authentication.ApiAuthenticationHandler|BasicAuthentication was not authenticated. Failure message: Missing Authorization Header
2019-12-14 17:55:32.1075|INFO|GR_WebApi.Authentication.ApiAuthenticationHandler|BasicAuthentication was not authenticated. Failure message: Missing Authorization Header
2019-12-14 17:55:56.5094|INFO|GR_WebApi.Authentication.ApiAuthenticationHandler|BasicAuthentication was not authenticated. Failure message: Missing Authorization Header
2019-12-14 17:55:56.5622|INFO|GR_WebApi.Authentication.ApiAuthenticationHandler|BasicAuthentication was not authenticated. Failure message: Missing Authorization Header
2019-12-14 17:55:56.5954|INFO|GR_WebApi.Authentication.ApiAuthenticationHandler|AuthenticationScheme: BasicAuthentication was challenged.
2019-12-14 17:58:03.6077|INFO|GR_WebApi.Authentication.ApiAuthenticationHandler|BasicAuthentication was not authenticated. Failure message: Missing Authorization Header
2019-12-14 19:23:08.6990|INFO|GR_WebApi.Authentication.ApiAuthenticationHandler|BasicAuthentication was not authenticated. Failure message: Missing Authorization Header
