2019-08-18 20:38:36	This log contains information about the import schema operation into project 'DB_GlobalRepository' on computer 'LUC-PC' by user 'luc'.
2019-08-18 20:38:36	Import of database schema has started.
2019-08-18 20:38:40	Gathering database options
2019-08-18 20:38:40	Gathering users
2019-08-18 20:38:40	Gathering roles
2019-08-18 20:38:40	Gathering application roles
2019-08-18 20:38:40	Gathering role memberships
2019-08-18 20:38:40	Gathering filegroups
2019-08-18 20:38:40	Gathering full-text catalogs
2019-08-18 20:38:40	Gathering assemblies
2019-08-18 20:38:40	Gathering certificates
2019-08-18 20:38:40	Gathering asymmetric keys
2019-08-18 20:38:40	Gathering symmetric keys
2019-08-18 20:38:40	Gathering encrypted symmetric keys
2019-08-18 20:38:40	Gathering schemas
2019-08-18 20:38:40	Gathering XML schema collections
2019-08-18 20:38:40	Gathering user-defined data types
2019-08-18 20:38:40	Gathering user-defined types
2019-08-18 20:38:40	Gathering table types
2019-08-18 20:38:40	Gathering unique keys for table types
2019-08-18 20:38:40	Gathering primary keys for table types
2019-08-18 20:38:40	Gathering check constraints for table types
2019-08-18 20:38:40	Gathering default constraints for table types
2019-08-18 20:38:40	Gathering partition functions
2019-08-18 20:38:40	Gathering partition schemes
2019-08-18 20:38:40	Gathering functions
2019-08-18 20:38:40	Gathering encrypted functions
2019-08-18 20:38:40	Gathering aggregates
2019-08-18 20:38:40	Gathering procedures
2019-08-18 20:38:40	Gathering encrypted procedures
2019-08-18 20:38:40	Gathering tables
2019-08-18 20:38:40	Gathering primary keys
2019-08-18 20:38:40	Gathering unique constraints
2019-08-18 20:38:40	Gathering foreign keys
2019-08-18 20:38:40	Gathering default constraints
2019-08-18 20:38:40	Gathering check constraints
2019-08-18 20:38:40	Gathering views
2019-08-18 20:38:40	Gathering encrypted views
2019-08-18 20:38:40	Gathering indexes
2019-08-18 20:38:40	Gathering statistics
2019-08-18 20:38:40	Gathering full-text index stoplists
2019-08-18 20:38:40	Gathering search property lists
2019-08-18 20:38:40	Gathering search properties
2019-08-18 20:38:40	Gathering full-text indexes
2019-08-18 20:38:40	Gathering column store indexes
2019-08-18 20:38:40	Gathering spatial indexes
2019-08-18 20:38:40	Gathering XML indexes
2019-08-18 20:38:40	Gathering Selective XML indexes
2019-08-18 20:38:40	Gathering encrypted triggers
2019-08-18 20:38:40	Gathering triggers
2019-08-18 20:38:40	Gathering encrypted and clr ddl triggers
2019-08-18 20:38:40	Gathering ddl triggers
2019-08-18 20:38:40	Gathering synonyms
2019-08-18 20:38:40	Gathering defaults
2019-08-18 20:38:40	Gathering data constraint uddt bindings
2019-08-18 20:38:40	Gathering rules
2019-08-18 20:38:40	Gathering data constraint uddt bindings
2019-08-18 20:38:40	Gathering message types
2019-08-18 20:38:40	Gathering queues
2019-08-18 20:38:41	Gathering contracts
2019-08-18 20:38:41	Gathering services
2019-08-18 20:38:41	Gathering event notifications
2019-08-18 20:38:41	Gathering remote service bindings
2019-08-18 20:38:41	Gathering broker priorities
2019-08-18 20:38:41	Gathering signatures
2019-08-18 20:38:41	Gathering data compression options
2019-08-18 20:38:41	Gathering sequence types
2019-08-18 20:38:41	Gathering extended properties
2019-08-18 20:38:41	Gathering credentials
2019-08-18 20:38:41	Gathering logins
2019-08-18 20:38:41	Gathering server audits
2019-08-18 20:38:41	Scanning project for duplicate elements
2019-08-18 20:38:41	Finished duplicate element processing
2019-08-18 20:38:45	Finished importing database.
2019-08-18 20:38:45	A summary of the import was saved to the following location: C:\Users\luc\Documents\GitHub\IPI-PAN_WEB_API\GlobalRepository\DB_GlobalRepository\Import Schema Logs\DB_GlobalRepository_20190818063836.log
2019-08-18 20:38:45	Click Finish to continue...
